{"/Users/franco.martinez/MEGAsync/Francomac/Referencias/Javascript/algorithms-and-data-structures/exercises/fib/index.js": {"path":"/Users/franco.martinez/MEGAsync/Francomac/Referencias/Javascript/algorithms-and-data-structures/exercises/fib/index.js","statementMap":{"0":{"start":{"line":13,"column":0},"end":{"line":13,"column":21}}},"fnMap":{"0":{"name":"fib","decl":{"start":{"line":11,"column":9},"end":{"line":11,"column":12}},"loc":{"start":{"line":11,"column":16},"end":{"line":11,"column":18}},"line":11}},"branchMap":{},"s":{"0":1},"f":{"0":5},"b":{},"_coverageSchema":"1a1c01bbd47fc00a2c39e90264f33305004495a9","hash":"91551d58a045ad4d4d0a0ccf35683da72670feed"}
}
